0 info it worked if it ends with ok
1 verbose cli [ 'C:\\Program Files\\nodejs\\node.exe',
1 verbose cli   'C:\\Program Files\\nodejs\\node_modules\\npm\\bin\\npm-cli.js',
1 verbose cli   'run',
1 verbose cli   'dev' ]
2 info using npm@3.10.8
3 info using node@v6.6.0
4 verbose run-script [ 'predev', 'dev', 'postdev' ]
5 info lifecycle cybersport@0.0.1~predev: cybersport@0.0.1
6 silly lifecycle cybersport@0.0.1~predev: no script for predev, continuing
7 info lifecycle cybersport@0.0.1~dev: cybersport@0.0.1
8 verbose lifecycle cybersport@0.0.1~dev: unsafe-perm in lifecycle true
9 verbose lifecycle cybersport@0.0.1~dev: PATH: C:\Users\Donila\AppData\Roaming\nvm\v6.6.0\node_modules\npm\bin\node-gyp-bin;C:\Work\cybersport\node_modules\.bin;C:\Program Files (x86)\Python27\;C:\Program Files (x86)\Python27\Scripts;C:\ProgramData\Oracle\Java\javapath;C:\Windows\system32;C:\Windows;C:\Windows\System32\Wbem;C:\Windows\System32\WindowsPowerShell\v1.0\;C:\Program Files (x86)\NVIDIA Corporation\PhysX\Common;C:\Program Files (x86)\Skype\Phone\;C:\Program Files\Microsoft SQL Server\130\Tools\Binn\;C:\Program Files\Git\cmd;C:\Users\Donila\AppData\Roaming\nvm;C:\Program Files\nodejs;C:\Program Files (x86)\Windows Kits\8.1\Windows Performance Toolkit\;C:\Program Files (x86)\nodejs\;C:\Program Files\dotnet\;C:\Program Files (x86)\Android\android-sdk\tools;c:\Program Files (x86)\Android\android-sdk\platform-tools;C:\Users\Donila\AppData\Local\Microsoft\WindowsApps;C:\Users\Donila\AppData\Local\atom\bin;C:\Program Files\MongoDB\Server\3.2\bin;C:\Users\Donila\AppData\Roaming\npm;C:\Program Files (x86)\Microsoft VS Code\bin;C:\Program Files (x86)\TotalCommander
10 verbose lifecycle cybersport@0.0.1~dev: CWD: C:\Work\cybersport
11 silly lifecycle cybersport@0.0.1~dev: Args: [ '/d /s /c', 'tsc && concurrently "npm start" "gulp"' ]
12 silly lifecycle cybersport@0.0.1~dev: Returned: code: 3221225786  signal: null
13 info lifecycle cybersport@0.0.1~dev: Failed to exec dev script
14 verbose stack Error: cybersport@0.0.1 dev: `tsc && concurrently "npm start" "gulp"`
14 verbose stack Exit status 3221225786
14 verbose stack     at EventEmitter.<anonymous> (C:\Users\Donila\AppData\Roaming\nvm\v6.6.0\node_modules\npm\lib\utils\lifecycle.js:255:16)
14 verbose stack     at emitTwo (events.js:106:13)
14 verbose stack     at EventEmitter.emit (events.js:191:7)
14 verbose stack     at ChildProcess.<anonymous> (C:\Users\Donila\AppData\Roaming\nvm\v6.6.0\node_modules\npm\lib\utils\spawn.js:40:14)
14 verbose stack     at emitTwo (events.js:106:13)
14 verbose stack     at ChildProcess.emit (events.js:191:7)
14 verbose stack     at maybeClose (internal/child_process.js:877:16)
14 verbose stack     at Process.ChildProcess._handle.onexit (internal/child_process.js:226:5)
15 verbose pkgid cybersport@0.0.1
16 verbose cwd C:\Work\cybersport
17 error Windows_NT 10.0.14393
18 error argv "C:\\Program Files\\nodejs\\node.exe" "C:\\Program Files\\nodejs\\node_modules\\npm\\bin\\npm-cli.js" "run" "dev"
19 error node v6.6.0
20 error npm  v3.10.8
21 error code ELIFECYCLE
22 error cybersport@0.0.1 dev: `tsc && concurrently "npm start" "gulp"`
22 error Exit status 3221225786
23 error Failed at the cybersport@0.0.1 dev script 'tsc && concurrently "npm start" "gulp"'.
23 error Make sure you have the latest version of node.js and npm installed.
23 error If you do, this is most likely a problem with the cybersport package,
23 error not with npm itself.
23 error Tell the author that this fails on your system:
23 error     tsc && concurrently "npm start" "gulp"
23 error You can get information on how to open an issue for this project with:
23 error     npm bugs cybersport
23 error Or if that isn't available, you can get their info via:
23 error     npm owner ls cybersport
23 error There is likely additional logging output above.
24 verbose exit [ 1, true ]
